# vsim tb -l output.log -c -do "run -all;exit;" 
# Start time: 12:00:48 on Sep 28,2023
# ** Note: (vsim-3813) Design is being optimized due to module recompilation...
# ** Warning: phone_code.sv(18): (vopt-2240) Treating stand-alone use of function 'randomize' as an implicit VOID cast.
# //  Questa Sim
# //  Version 10.6c linux Jul 25 2017
# //
# //  Copyright 1991-2017 Mentor Graphics Corporation
# //  All Rights Reserved.
# //
# //  QuestaSim and its associated documentation contain trade
# //  secrets and commercial or financial information that are the property of
# //  Mentor Graphics Corporation and are privileged, confidential,
# //  and exempt from disclosure under the Freedom of Information Act,
# //  5 U.S.C. Section 552. Furthermore, this information
# //  is prohibited from disclosure under the Trade Secrets Act,
# //  18 U.S.C. Section 1905.
# //
# Loading sv_std.std
# Loading work.phone_code_sv_unit(fast)
# Loading work.tb(fast)
# run -all
# the phone number is =13382466270
#  p:international_num
# the phone number is =9921112323
#  p:local_num
# the phone number is =8590478383
#  p:local_num
# the phone number is =18779197489
#  p:international_num
# the phone number is =108
#  p:emergency
# the phone number is =12587343493
#  p:international_num
# the phone number is =8139992118
#  p:local_num
# the phone number is =7027728783
#  p:local_num
# the phone number is =9434349581
#  p:local_num
# the phone number is =9073453977
#  p:local_num
# the phone number is =13814469686
#  p:international_num
# the phone number is =7356514130
#  p:local_num
# the phone number is =9044741337
#  p:local_num
# the phone number is =19415459136
#  p:international_num
# the phone number is =7954636239
#  p:local_num
# the phone number is =7801348947
#  p:local_num
# the phone number is =10571321604
#  p:international_num
# the phone number is =7934802371
#  p:local_num
# the phone number is =18767747295
#  p:international_num
# the phone number is =9436537876
#  p:local_num
# exit
# End time: 12:00:49 on Sep 28,2023, Elapsed time: 0:00:01
# Errors: 0, Warnings: 1
