# vsim tb -l output.log -c -do "run -all;exit;" 
# Start time: 18:16:00 on Sep 21,2023
# ** Note: (vsim-8009) Loading existing optimized design _opt
# //  Questa Sim
# //  Version 10.6c linux Jul 25 2017
# //
# //  Copyright 1991-2017 Mentor Graphics Corporation
# //  All Rights Reserved.
# //
# //  QuestaSim and its associated documentation contain trade
# //  secrets and commercial or financial information that are the property of
# //  Mentor Graphics Corporation and are privileged, confidential,
# //  and exempt from disclosure under the Freedom of Information Act,
# //  5 U.S.C. Section 552. Furthermore, this information
# //  is prohibited from disclosure under the Trade Secrets Act,
# //  18 U.S.C. Section 1905.
# //
# Loading sv_std.std
# Loading work.atleast_bin_code_sv_unit(fast)
# Loading work.tb(fast)
# run -all
# a= 3  coverage %= 0.00
# a=11  coverage %= 0.00
# a= 0  coverage %= 0.00
# a=11  coverage %= 0.00
# a= 6  coverage %= 0.00
# a= 7  coverage %= 0.00
# a= 8  coverage %= 25.00
# a= 9  coverage %= 25.00
# a= 6  coverage %= 25.00
# a= 1  coverage %= 50.00
# a= 3  coverage %= 50.00
# a= 8  coverage %= 50.00
# a= 3  coverage %= 50.00
# a=10  coverage %= 50.00
# a= 4  coverage %= 75.00
# a=15  coverage %= 75.00
# a=12  coverage %= 75.00
# a=12  coverage %= 75.00
# a=12  coverage %= 75.00
# a=14  coverage %= 75.00
# exit
# End time: 18:16:00 on Sep 21,2023, Elapsed time: 0:00:00
# Errors: 0, Warnings: 0
