# vsim randc_fu -l unique_output.log -c -do "run -all; exit;" 
# Start time: 10:20:58 on Feb 03,2023
# ** Note: (vsim-3813) Design is being optimized due to module recompilation...
# //  Questa Sim
# //  Version 10.6c linux Jul 25 2017
# //
# //  Copyright 1991-2017 Mentor Graphics Corporation
# //  All Rights Reserved.
# //
# //  QuestaSim and its associated documentation contain trade
# //  secrets and commercial or financial information that are the property of
# //  Mentor Graphics Corporation and are privileged, confidential,
# //  and exempt from disclosure under the Freedom of Information Act,
# //  5 U.S.C. Section 552. Furthermore, this information
# //  is prohibited from disclosure under the Trade Secrets Act,
# //  18 U.S.C. Section 1905.
# //
# Loading sv_std.std
# Loading work.unique_value_sv_unit(fast)
# Loading work.randc_fu(fast)
# run -all
# Sucessfull :myVar = 1
# Sucessfull :myVar1 = 2
# Sucessfull :myVar = 0
# Sucessfull :myVar1 = 5
# Sucessfull :myVar = 3
# Sucessfull :myVar1 = 7
# Sucessfull :myVar = 3
# Sucessfull :myVar1 = 7
# Sucessfull :myVar = 3
# Sucessfull :myVar1 = 7
# Sucessfull :myVar = 3
# Sucessfull :myVar1 = 7
# Sucessfull :myVar = 3
# Sucessfull :myVar1 = 7
# Sucessfull :myVar = 3
# Sucessfull :myVar1 = 7
#  exit
# End time: 10:21:00 on Feb 03,2023, Elapsed time: 0:00:02
# Errors: 0, Warnings: 0
